<?xml version="1.0" encoding="UTF-8"?>
<!-- Generated by org.testng.reporters.JUnitReportReporter -->
<testsuite hostname="DESKTOP-LO5FAGH" failures="0" tests="1" name="tests.AutomationTaskTest" time="0.075" errors="0" timestamp="2024-03-11T12:33:50 EET" skipped="0">
  <testcase classname="tests.AutomationTaskTest" name="testPaymentMethodsExistence" time="0.075"/>
</testsuite> <!-- tests.AutomationTaskTest -->
